C:\Program Files (x86)\Microsoft Visual Studio\2019\Professional\MSBuild\Microsoft\VC\v160\Microsoft.CppBuild.targets(1065,5): error MSB3191: Unable to create directory "E:\USU\2019-2020\CS3460\TypeAhead\build\CMakeFiles\". Could not find a part of the path 'E:\USU\2019-2020\CS3460\TypeAhead\build\CMakeFiles\'.
C:\Program Files (x86)\Microsoft Visual Studio\2019\Professional\MSBuild\Microsoft\VC\v160\Microsoft.CppBuild.targets(1065,5): error MSB3191: Unable to create directory "E:\USU\2019-2020\CS3460\TypeAhead\build\googletest-build\CMakeFiles\". Could not find a part of the path 'E:\USU\2019-2020\CS3460\TypeAhead\build\googletest-build\CMakeFiles\'.
C:\Program Files (x86)\Microsoft Visual Studio\2019\Professional\MSBuild\Microsoft\VC\v160\Microsoft.CppBuild.targets(1065,5): error MSB3191: Unable to create directory "E:\USU\2019-2020\CS3460\TypeAhead\build\googletest-build\googlemock\CMakeFiles\". Could not find a part of the path 'E:\USU\2019-2020\CS3460\TypeAhead\build\googletest-build\googlemock\CMakeFiles\'.
C:\Program Files (x86)\Microsoft Visual Studio\2019\Professional\MSBuild\Microsoft\VC\v160\Microsoft.CppBuild.targets(1065,5): error MSB3191: Unable to create directory "E:\USU\2019-2020\CS3460\TypeAhead\build\googletest-build\googletest\CMakeFiles\". Could not find a part of the path 'E:\USU\2019-2020\CS3460\TypeAhead\build\googletest-build\googletest\CMakeFiles\'.
